2016-10-25T02:39:44.571Z - normal: Load ~/.CocosCreator/settings.json
2016-10-25T02:39:44.588Z - normal: checking language setting...
2016-10-25T02:39:44.589Z - normal: Language: en
2016-10-25T02:39:45.655Z - success: protocol editor-framework registered
2016-10-25T02:39:45.655Z - success: protocol app registered
2016-10-25T02:39:45.655Z - success: protocol packages registered
2016-10-25T02:39:45.655Z - success: protocol theme registered
2016-10-25T02:39:45.655Z - success: protocol unpack registerred
2016-10-25T02:39:46.006Z - normal: connected!
2016-10-25T02:39:46.009Z - normal: Check project C:\Users\10278\Documents\ClickGame
2016-10-25T02:39:46.011Z - normal: Initializing Cocos Creator Editor
2016-10-25T02:39:46.534Z - normal: Initializing Cocos2d
2016-10-25T02:39:47.649Z - normal: Initializing Asset Database
2016-10-25T02:39:47.681Z - success: protocol uuid registerred
2016-10-25T02:39:47.681Z - success: protocol db registerred
2016-10-25T02:39:47.681Z - success: protocol thumbnail registerred
2016-10-25T02:39:47.681Z - normal: Loading editor/builtin packages
2016-10-25T02:39:47.824Z - success: assets loaded
2016-10-25T02:39:47.826Z - success: builder loaded
2016-10-25T02:39:47.829Z - success: hierarchy loaded
2016-10-25T02:39:47.832Z - success: inspector loaded
2016-10-25T02:39:47.832Z - success: keystore loaded
2016-10-25T02:39:47.834Z - success: node-library loaded
2016-10-25T02:39:47.836Z - success: preferences loaded
2016-10-25T02:39:47.851Z - success: project-importer loaded
2016-10-25T02:39:47.852Z - success: project-settings loaded
2016-10-25T02:39:47.876Z - success: ui-kit loaded
2016-10-25T02:39:47.879Z - success: ui-grid loaded
2016-10-25T02:39:47.882Z - success: scene loaded
2016-10-25T02:39:47.883Z - success: sprite-editor loaded
2016-10-25T02:39:47.903Z - success: timeline loaded
2016-10-25T02:39:47.903Z - normal: Loading builtin packages
2016-10-25T02:39:47.915Z - success: asset-db-debugger loaded
2016-10-25T02:39:47.917Z - success: cocos-package loaded
2016-10-25T02:39:47.919Z - success: code-editor loaded
2016-10-25T02:39:47.920Z - success: color-picker loaded
2016-10-25T02:39:47.922Z - success: console loaded
2016-10-25T02:39:47.923Z - success: package-manager loaded
2016-10-25T02:39:47.925Z - success: tester loaded
2016-10-25T02:39:47.927Z - success: ui-kit-preview-extra loaded
2016-10-25T02:39:47.927Z - success: ui-kit-preview loaded
2016-10-25T02:39:47.928Z - success: ui-tree loaded
2016-10-25T02:39:47.998Z - normal: Initializing project C:\Users\10278\Documents\ClickGame
2016-10-25T02:39:48.006Z - normal: Loading packages
2016-10-25T02:39:48.010Z - normal: Run Application
2016-10-25T02:39:52.064Z - success: preview server running at http://localhost:7456
2016-10-25T02:39:52.065Z - normal: Compiling scripts...
2016-10-25T02:39:53.333Z - normal: Compiled successfully
2016-10-25T02:39:57.043Z - normal: 1.2.2
2016-10-25T03:23:23.189Z - info: shutdown preview server
